<?xml version="1.0" encoding="UTF-8"?>
<!-- Generated by org.testng.reporters.JUnitXMLReporter -->
<testsuite ignored="0" hostname="BalajiV" failures="0" tests="11" name="Test" time="23.215" errors="0" timestamp="2024-01-13T18:29:57 IST">
  <testcase classname="org.test.SauceDemoAssessment" name="tc1" time="0.88"/>
  <testcase classname="org.test.SauceDemoAssessment" name="tc1" time="0.521"/>
  <testcase classname="org.test.SauceDemoAssessment" name="tc1" time="0.431"/>
  <testcase classname="org.test.SauceDemoAssessment" name="tc2" time="10.298"/>
  <testcase classname="org.test.SauceDemoAssessment" name="tc3" time="0.606"/>
  <testcase classname="org.test.SauceDemoAssessment" name="tc4" time="1.407"/>
  <testcase classname="org.test.SauceDemoAssessment" name="tc5" time="0.155"/>
  <testcase classname="org.test.SauceDemoAssessment" name="tc6" time="0.281"/>
  <testcase classname="org.test.ReqResAssessment" name="getList" time="2.042"/>
  <testcase classname="org.test.ReqResAssessment" name="getSingle" time="0.304"/>
  <testcase classname="org.test.ReqResAssessment" name="postUser" time="1.252"/>
</testsuite> <!-- Test -->
